Thu Jul 20 2017 12:39:49 GMT+0700 (SE Asia Standard Time): GET  /about ::1
Thu Jul 20 2017 12:40:42 GMT+0700 (SE Asia Standard Time): GET  / ::1
Thu Jul 20 2017 12:47:03 GMT+0700 (SE Asia Standard Time): GET  / ::1
Thu Jul 20 2017 12:47:04 GMT+0700 (SE Asia Standard Time): GET  / ::1
Thu Jul 20 2017 12:47:05 GMT+0700 (SE Asia Standard Time): GET  / ::1
Thu Jul 20 2017 12:47:05 GMT+0700 (SE Asia Standard Time): GET  / ::1
Thu Jul 20 2017 12:47:05 GMT+0700 (SE Asia Standard Time): GET  / ::1
Thu Jul 20 2017 12:47:06 GMT+0700 (SE Asia Standard Time): GET  / ::1
Thu Jul 20 2017 12:47:07 GMT+0700 (SE Asia Standard Time): GET  / ::1
Thu Jul 20 2017 12:47:07 GMT+0700 (SE Asia Standard Time): GET  / ::1
Thu Jul 20 2017 12:57:12 GMT+0700 (SE Asia Standard Time): GET  /help ::1
Thu Jul 20 2017 12:58:40 GMT+0700 (SE Asia Standard Time): GET  /help.html ::1
Thu Jul 20 2017 12:58:40 GMT+0700 (SE Asia Standard Time): GET  /help.html ::1
Thu Jul 20 2017 12:58:41 GMT+0700 (SE Asia Standard Time): GET  /help.html ::1
Thu Jul 20 2017 12:58:41 GMT+0700 (SE Asia Standard Time): GET  /help.html ::1
Thu Jul 20 2017 12:58:41 GMT+0700 (SE Asia Standard Time): GET  /help.html ::1
Thu Jul 20 2017 12:58:41 GMT+0700 (SE Asia Standard Time): GET  /help.html ::1
Thu Jul 20 2017 12:58:41 GMT+0700 (SE Asia Standard Time): GET  /help.html ::1
Thu Jul 20 2017 12:58:42 GMT+0700 (SE Asia Standard Time): GET  /help.html ::1
Thu Jul 20 2017 12:59:16 GMT+0700 (SE Asia Standard Time): GET  /help.html ::1
Thu Jul 20 2017 12:59:20 GMT+0700 (SE Asia Standard Time): GET  / ::1
Thu Jul 20 2017 12:59:22 GMT+0700 (SE Asia Standard Time): GET  / ::1
Thu Jul 20 2017 12:59:22 GMT+0700 (SE Asia Standard Time): GET  /about ::1
Thu Jul 20 2017 12:59:30 GMT+0700 (SE Asia Standard Time): GET  /about ::1
Thu Jul 20 2017 12:59:38 GMT+0700 (SE Asia Standard Time): GET  /about ::1
Thu Jul 20 2017 12:59:39 GMT+0700 (SE Asia Standard Time): GET  / ::1
Thu Jul 20 2017 12:59:46 GMT+0700 (SE Asia Standard Time): GET  / ::1
Fri Jul 21 2017 12:57:09 GMT+0700 (SE Asia Standard Time): GET  /webhook ::1
Fri Jul 21 2017 12:57:16 GMT+0700 (SE Asia Standard Time): POST  /webhook ::1
Fri Jul 21 2017 12:57:56 GMT+0700 (SE Asia Standard Time): POST  /webhook ::1
Fri Jul 21 2017 12:58:15 GMT+0700 (SE Asia Standard Time): POST  /webhook ::1
Fri Jul 21 2017 13:02:05 GMT+0700 (SE Asia Standard Time): POST  /webhook ::1
Fri Jul 21 2017 13:02:35 GMT+0700 (SE Asia Standard Time): GET  / ::1
Fri Jul 21 2017 13:03:16 GMT+0700 (SE Asia Standard Time): POST  / ::1
Fri Jul 21 2017 13:03:22 GMT+0700 (SE Asia Standard Time): POST  /webhook ::1
Fri Jul 21 2017 13:34:23 GMT+0700 (SE Asia Standard Time): POST  /webhook ::1
Fri Jul 21 2017 13:34:59 GMT+0700 (SE Asia Standard Time): POST  /webhook ::1
Fri Jul 21 2017 13:35:49 GMT+0700 (SE Asia Standard Time): POST  /webhook ::1
Fri Jul 21 2017 13:35:57 GMT+0700 (SE Asia Standard Time): POST  /webhook ::1
Fri Jul 21 2017 13:36:24 GMT+0700 (SE Asia Standard Time): POST  /webhook ::1
Fri Jul 21 2017 14:40:09 GMT+0700 (SE Asia Standard Time): POST  /webhook ::1
Fri Jul 21 2017 14:40:16 GMT+0700 (SE Asia Standard Time): POST  /webhook ::1
Fri Jul 21 2017 14:40:30 GMT+0700 (SE Asia Standard Time): POST  /webhook ::1
Fri Jul 21 2017 15:28:42 GMT+0700 (SE Asia Standard Time): POST  /webhook ::1
Fri Jul 21 2017 15:29:32 GMT+0700 (SE Asia Standard Time): POST  /webhook ::1
Fri Jul 21 2017 15:29:48 GMT+0700 (SE Asia Standard Time): POST  /webhook ::1
Fri Jul 21 2017 15:30:44 GMT+0700 (SE Asia Standard Time): POST  /webhook ::1
Fri Jul 21 2017 15:30:45 GMT+0700 (SE Asia Standard Time): POST  /webhook ::1
Fri Jul 21 2017 15:31:21 GMT+0700 (SE Asia Standard Time): POST  /webhook ::1
Fri Jul 21 2017 15:31:22 GMT+0700 (SE Asia Standard Time): POST  /webhook ::1
Fri Jul 21 2017 15:31:22 GMT+0700 (SE Asia Standard Time): POST  /webhook ::1
Fri Jul 21 2017 15:31:33 GMT+0700 (SE Asia Standard Time): POST  /webhook ::1
Fri Jul 21 2017 15:31:42 GMT+0700 (SE Asia Standard Time): POST  /webhook ::1
Fri Jul 21 2017 15:31:56 GMT+0700 (SE Asia Standard Time): POST  /webhook ::1
Fri Jul 21 2017 15:35:02 GMT+0700 (SE Asia Standard Time): POST  /webhook ::1
Fri Jul 21 2017 15:36:51 GMT+0700 (SE Asia Standard Time): POST  /webhook ::1
Fri Jul 21 2017 15:38:39 GMT+0700 (SE Asia Standard Time): POST  /webhook ::1
Fri Jul 21 2017 15:40:22 GMT+0700 (SE Asia Standard Time): POST  /webhook ::1
Fri Jul 21 2017 15:40:28 GMT+0700 (SE Asia Standard Time): POST  /webhook ::1
Fri Jul 21 2017 15:40:47 GMT+0700 (SE Asia Standard Time): POST  /webhook ::1
Fri Jul 21 2017 15:40:48 GMT+0700 (SE Asia Standard Time): POST  /webhook ::1
Fri Jul 21 2017 15:40:55 GMT+0700 (SE Asia Standard Time): POST  /webhook ::1
Fri Jul 21 2017 15:40:56 GMT+0700 (SE Asia Standard Time): POST  /webhook ::1
Fri Jul 21 2017 15:40:57 GMT+0700 (SE Asia Standard Time): POST  /webhook ::1
Fri Jul 21 2017 15:40:57 GMT+0700 (SE Asia Standard Time): POST  /webhook ::1
Fri Jul 21 2017 15:40:58 GMT+0700 (SE Asia Standard Time): POST  /webhook ::1
Fri Jul 21 2017 15:40:58 GMT+0700 (SE Asia Standard Time): POST  /webhook ::1
Fri Jul 21 2017 15:40:58 GMT+0700 (SE Asia Standard Time): POST  /webhook ::1
Fri Jul 21 2017 15:40:58 GMT+0700 (SE Asia Standard Time): POST  /webhook ::1
Fri Jul 21 2017 15:40:58 GMT+0700 (SE Asia Standard Time): POST  /webhook ::1
Fri Jul 21 2017 15:41:00 GMT+0700 (SE Asia Standard Time): POST  /webhook ::1
Fri Jul 21 2017 15:41:13 GMT+0700 (SE Asia Standard Time): POST  /webhook ::1
Fri Jul 21 2017 15:41:14 GMT+0700 (SE Asia Standard Time): POST  /webhook ::1
Fri Jul 21 2017 15:51:49 GMT+0700 (SE Asia Standard Time): POST  /webhook ::1
Fri Jul 21 2017 15:51:49 GMT+0700 (SE Asia Standard Time): POST  /webhook ::1
Fri Jul 21 2017 15:52:15 GMT+0700 (SE Asia Standard Time): POST  /webhook ::1
Fri Jul 21 2017 15:52:17 GMT+0700 (SE Asia Standard Time): POST  /webhook ::1
Fri Jul 21 2017 15:52:18 GMT+0700 (SE Asia Standard Time): POST  /webhook ::1
Fri Jul 21 2017 15:52:23 GMT+0700 (SE Asia Standard Time): POST  /webhook ::1
Fri Jul 21 2017 15:52:23 GMT+0700 (SE Asia Standard Time): POST  /webhook ::1
Fri Jul 21 2017 15:52:23 GMT+0700 (SE Asia Standard Time): POST  /webhook ::1
Fri Jul 21 2017 15:52:24 GMT+0700 (SE Asia Standard Time): POST  /webhook ::1
Fri Jul 21 2017 15:52:24 GMT+0700 (SE Asia Standard Time): POST  /webhook ::1
Fri Jul 21 2017 15:52:24 GMT+0700 (SE Asia Standard Time): POST  /webhook ::1
Fri Jul 21 2017 15:52:24 GMT+0700 (SE Asia Standard Time): POST  /webhook ::1
Fri Jul 21 2017 15:52:40 GMT+0700 (SE Asia Standard Time): POST  /webhook ::1
Fri Jul 21 2017 15:52:41 GMT+0700 (SE Asia Standard Time): POST  /webhook ::1
Fri Jul 21 2017 15:52:45 GMT+0700 (SE Asia Standard Time): POST  /webhook ::1
Fri Jul 21 2017 15:56:27 GMT+0700 (SE Asia Standard Time): POST  /webhook ::1
Fri Jul 21 2017 15:56:37 GMT+0700 (SE Asia Standard Time): POST  /webhook ::1
Fri Jul 21 2017 15:56:39 GMT+0700 (SE Asia Standard Time): POST  /webhook ::1
Fri Jul 21 2017 15:56:39 GMT+0700 (SE Asia Standard Time): POST  /webhook ::1
Fri Jul 21 2017 15:56:39 GMT+0700 (SE Asia Standard Time): POST  /webhook ::1
Fri Jul 21 2017 15:56:39 GMT+0700 (SE Asia Standard Time): POST  /webhook ::1
Fri Jul 21 2017 15:56:43 GMT+0700 (SE Asia Standard Time): POST  /webhook ::1
Fri Jul 21 2017 15:56:44 GMT+0700 (SE Asia Standard Time): POST  /webhook ::1
Fri Jul 21 2017 15:56:44 GMT+0700 (SE Asia Standard Time): POST  /webhook ::1
Fri Jul 21 2017 15:56:44 GMT+0700 (SE Asia Standard Time): POST  /webhook ::1
Fri Jul 21 2017 15:56:44 GMT+0700 (SE Asia Standard Time): POST  /webhook ::1
Fri Jul 21 2017 15:56:44 GMT+0700 (SE Asia Standard Time): POST  /webhook ::1
Fri Jul 21 2017 15:56:45 GMT+0700 (SE Asia Standard Time): POST  /webhook ::1
Fri Jul 21 2017 15:56:45 GMT+0700 (SE Asia Standard Time): POST  /webhook ::1
Fri Jul 21 2017 15:56:45 GMT+0700 (SE Asia Standard Time): POST  /webhook ::1
Fri Jul 21 2017 15:56:45 GMT+0700 (SE Asia Standard Time): POST  /webhook ::1
Fri Jul 21 2017 15:58:13 GMT+0700 (SE Asia Standard Time): POST  /webhook ::1
Fri Jul 21 2017 15:58:28 GMT+0700 (SE Asia Standard Time): POST  /webhook ::1
Fri Jul 21 2017 15:59:03 GMT+0700 (SE Asia Standard Time): POST  /webhook ::1
Fri Jul 21 2017 16:02:29 GMT+0700 (SE Asia Standard Time): POST  /webhook ::1
Fri Jul 21 2017 16:02:41 GMT+0700 (SE Asia Standard Time): POST  /webhook ::1
Fri Jul 21 2017 16:04:18 GMT+0700 (SE Asia Standard Time): POST  /webhook ::1
Fri Jul 21 2017 16:04:20 GMT+0700 (SE Asia Standard Time): POST  /webhook ::1
Fri Jul 21 2017 16:04:46 GMT+0700 (SE Asia Standard Time): POST  /webhook ::1
Fri Jul 21 2017 16:04:47 GMT+0700 (SE Asia Standard Time): POST  /webhook ::1
Fri Jul 21 2017 16:05:13 GMT+0700 (SE Asia Standard Time): POST  /webhook ::1
Fri Jul 21 2017 16:05:24 GMT+0700 (SE Asia Standard Time): POST  /webhook ::1
Fri Jul 21 2017 16:05:46 GMT+0700 (SE Asia Standard Time): POST  /webhook ::1
Fri Jul 21 2017 16:50:54 GMT+0700 (SE Asia Standard Time): POST  /webhook ::1
Fri Jul 21 2017 16:51:41 GMT+0700 (SE Asia Standard Time): POST  /webhook ::1
Fri Jul 21 2017 16:53:13 GMT+0700 (SE Asia Standard Time): POST  /webhook ::1
Fri Jul 21 2017 16:54:19 GMT+0700 (SE Asia Standard Time): POST  /webhook ::1
Fri Jul 21 2017 16:54:35 GMT+0700 (SE Asia Standard Time): POST  /webhook ::1
Fri Jul 21 2017 16:54:36 GMT+0700 (SE Asia Standard Time): POST  /webhook ::1
Fri Jul 21 2017 16:54:36 GMT+0700 (SE Asia Standard Time): POST  /webhook ::1
Fri Jul 21 2017 16:54:36 GMT+0700 (SE Asia Standard Time): POST  /webhook ::1
Fri Jul 21 2017 16:54:37 GMT+0700 (SE Asia Standard Time): POST  /webhook ::1
Fri Jul 21 2017 16:54:37 GMT+0700 (SE Asia Standard Time): POST  /webhook ::1
Fri Jul 21 2017 16:54:37 GMT+0700 (SE Asia Standard Time): POST  /webhook ::1
Fri Jul 21 2017 16:54:37 GMT+0700 (SE Asia Standard Time): POST  /webhook ::1
Fri Jul 21 2017 16:54:37 GMT+0700 (SE Asia Standard Time): POST  /webhook ::1
Fri Jul 21 2017 16:54:59 GMT+0700 (SE Asia Standard Time): POST  /webhook ::1
Fri Jul 21 2017 16:55:19 GMT+0700 (SE Asia Standard Time): POST  /webhook ::1
Fri Jul 21 2017 16:55:34 GMT+0700 (SE Asia Standard Time): POST  /webhook ::1
Fri Jul 21 2017 16:56:01 GMT+0700 (SE Asia Standard Time): POST  /webhook ::1
Fri Jul 21 2017 16:56:01 GMT+0700 (SE Asia Standard Time): POST  /webhook ::1
Fri Jul 21 2017 16:56:01 GMT+0700 (SE Asia Standard Time): POST  /webhook ::1
Fri Jul 21 2017 16:56:02 GMT+0700 (SE Asia Standard Time): POST  /webhook ::1
Fri Jul 21 2017 16:56:02 GMT+0700 (SE Asia Standard Time): POST  /webhook ::1
Fri Jul 21 2017 16:56:02 GMT+0700 (SE Asia Standard Time): POST  /webhook ::1
Fri Jul 21 2017 16:56:02 GMT+0700 (SE Asia Standard Time): POST  /webhook ::1
Fri Jul 21 2017 16:56:13 GMT+0700 (SE Asia Standard Time): POST  /webhook ::1
Fri Jul 21 2017 16:56:13 GMT+0700 (SE Asia Standard Time): POST  /webhook ::1
Fri Jul 21 2017 16:56:13 GMT+0700 (SE Asia Standard Time): POST  /webhook ::1
Fri Jul 21 2017 16:56:14 GMT+0700 (SE Asia Standard Time): POST  /webhook ::1
Fri Jul 21 2017 16:56:14 GMT+0700 (SE Asia Standard Time): POST  /webhook ::1
Fri Jul 21 2017 16:56:14 GMT+0700 (SE Asia Standard Time): POST  /webhook ::1
Fri Jul 21 2017 16:56:29 GMT+0700 (SE Asia Standard Time): POST  /webhook ::1
Fri Jul 21 2017 16:58:37 GMT+0700 (SE Asia Standard Time): POST  /webhook ::1
Fri Jul 21 2017 16:58:41 GMT+0700 (SE Asia Standard Time): POST  /webhook ::1
Fri Jul 21 2017 16:58:41 GMT+0700 (SE Asia Standard Time): POST  /webhook ::1
Fri Jul 21 2017 16:58:41 GMT+0700 (SE Asia Standard Time): POST  /webhook ::1
Fri Jul 21 2017 16:58:42 GMT+0700 (SE Asia Standard Time): POST  /webhook ::1
Fri Jul 21 2017 16:58:42 GMT+0700 (SE Asia Standard Time): POST  /webhook ::1
Fri Jul 21 2017 16:58:42 GMT+0700 (SE Asia Standard Time): POST  /webhook ::1
Fri Jul 21 2017 16:58:49 GMT+0700 (SE Asia Standard Time): POST  /webhook ::1
Fri Jul 21 2017 16:59:04 GMT+0700 (SE Asia Standard Time): POST  /webhook ::1
Fri Jul 21 2017 17:00:01 GMT+0700 (SE Asia Standard Time): POST  /webhook ::1
Fri Jul 21 2017 17:00:23 GMT+0700 (SE Asia Standard Time): POST  /webhook ::1
Fri Jul 21 2017 17:00:45 GMT+0700 (SE Asia Standard Time): POST  /webhook ::1
Fri Jul 21 2017 17:00:45 GMT+0700 (SE Asia Standard Time): POST  /webhook ::1
Fri Jul 21 2017 17:00:46 GMT+0700 (SE Asia Standard Time): POST  /webhook ::1
Fri Jul 21 2017 17:00:46 GMT+0700 (SE Asia Standard Time): POST  /webhook ::1
Fri Jul 21 2017 17:00:46 GMT+0700 (SE Asia Standard Time): POST  /webhook ::1
Fri Jul 21 2017 17:00:46 GMT+0700 (SE Asia Standard Time): POST  /webhook ::1
Fri Jul 21 2017 17:00:46 GMT+0700 (SE Asia Standard Time): POST  /webhook ::1
Fri Jul 21 2017 17:00:53 GMT+0700 (SE Asia Standard Time): POST  /webhook ::1
Fri Jul 21 2017 17:00:53 GMT+0700 (SE Asia Standard Time): POST  /webhook ::1
Fri Jul 21 2017 17:00:53 GMT+0700 (SE Asia Standard Time): POST  /webhook ::1
Fri Jul 21 2017 17:01:02 GMT+0700 (SE Asia Standard Time): POST  /webhook ::1
Fri Jul 21 2017 17:02:04 GMT+0700 (SE Asia Standard Time): POST  /webhook ::1
Fri Jul 21 2017 17:02:24 GMT+0700 (SE Asia Standard Time): POST  /webhook ::1
Fri Jul 21 2017 17:04:07 GMT+0700 (SE Asia Standard Time): POST  /webhook ::1
Fri Jul 21 2017 17:04:14 GMT+0700 (SE Asia Standard Time): POST  /webhook ::1
Fri Jul 21 2017 17:05:11 GMT+0700 (SE Asia Standard Time): POST  /webhook ::1
Fri Jul 21 2017 17:06:34 GMT+0700 (SE Asia Standard Time): POST  /webhook ::1
Fri Jul 21 2017 17:07:09 GMT+0700 (SE Asia Standard Time): POST  /webhook ::1
Fri Jul 21 2017 17:08:26 GMT+0700 (SE Asia Standard Time): POST  /webhook ::1
Fri Jul 21 2017 17:08:50 GMT+0700 (SE Asia Standard Time): POST  /webhook ::1
Fri Jul 21 2017 17:09:05 GMT+0700 (SE Asia Standard Time): POST  /webhook ::1
Fri Jul 21 2017 17:09:20 GMT+0700 (SE Asia Standard Time): POST  /webhook ::1
Fri Jul 21 2017 17:09:38 GMT+0700 (SE Asia Standard Time): POST  /webhook ::1
Fri Jul 21 2017 17:09:48 GMT+0700 (SE Asia Standard Time): POST  /webhook ::1
Fri Jul 21 2017 17:10:00 GMT+0700 (SE Asia Standard Time): POST  /webhook ::1
Fri Jul 21 2017 17:10:04 GMT+0700 (SE Asia Standard Time): POST  /webhook ::1
Fri Jul 21 2017 17:10:14 GMT+0700 (SE Asia Standard Time): POST  /webhook ::1
Fri Jul 21 2017 17:10:33 GMT+0700 (SE Asia Standard Time): POST  /webhook ::1
Fri Jul 21 2017 17:10:48 GMT+0700 (SE Asia Standard Time): POST  /webhook ::1
Fri Jul 21 2017 17:11:04 GMT+0700 (SE Asia Standard Time): POST  /webhook ::1
Fri Jul 21 2017 17:11:17 GMT+0700 (SE Asia Standard Time): POST  /webhook ::1
Fri Jul 21 2017 17:11:33 GMT+0700 (SE Asia Standard Time): POST  /webhook ::1
Fri Jul 21 2017 17:12:27 GMT+0700 (SE Asia Standard Time): POST  /webhook ::1
